0 info it worked if it ends with ok
1 verbose cli [ '/usr/local/bin/node',
1 verbose cli   '/usr/local/bin/npm',
1 verbose cli   'install',
1 verbose cli   '-g',
1 verbose cli   '@angular',
1 verbose cli   'cli' ]
2 info using npm@3.10.10
3 info using node@v6.10.3
4 silly loadCurrentTree Starting
5 silly install loadCurrentTree
6 silly install readGlobalPackageData
7 silly fetchPackageMetaData @angular
8 silly fetchPackageMetaData cli
9 silly fetchOtherPackageData @angular
10 silly cache add args [ '@angular', null ]
11 verbose cache add spec @angular
12 silly fetchNamedPackageData cli
13 silly mapToRegistry name cli
14 silly mapToRegistry using default registry
15 silly mapToRegistry registry https://registry.npmjs.org/
16 silly mapToRegistry data Result {
16 silly mapToRegistry   raw: 'cli',
16 silly mapToRegistry   scope: null,
16 silly mapToRegistry   escapedName: 'cli',
16 silly mapToRegistry   name: 'cli',
16 silly mapToRegistry   rawSpec: '',
16 silly mapToRegistry   spec: 'latest',
16 silly mapToRegistry   type: 'tag' }
17 silly mapToRegistry uri https://registry.npmjs.org/cli
18 silly cache add parsed spec Result {
18 silly cache add   raw: '@angular',
18 silly cache add   scope: null,
18 silly cache add   escapedName: null,
18 silly cache add   name: null,
18 silly cache add   rawSpec: '@angular',
18 silly cache add   spec: '/Applications/XAMPP/xamppfiles/htdocs/id_system/frontend/@angular',
18 silly cache add   type: 'local' }
19 error addLocal Could not install /Applications/XAMPP/xamppfiles/htdocs/id_system/frontend/@angular
20 silly fetchPackageMetaData Error: ENOENT: no such file or directory, open '/Applications/XAMPP/xamppfiles/htdocs/id_system/frontend/@angular'
20 silly fetchPackageMetaData     at Error (native)
20 silly fetchPackageMetaData  error for @angular { Error: ENOENT: no such file or directory, open '/Applications/XAMPP/xamppfiles/htdocs/id_system/frontend/@angular'
20 silly fetchPackageMetaData     at Error (native)
20 silly fetchPackageMetaData   errno: -2,
20 silly fetchPackageMetaData   code: 'ENOENT',
20 silly fetchPackageMetaData   syscall: 'open',
20 silly fetchPackageMetaData   path: '/Applications/XAMPP/xamppfiles/htdocs/id_system/frontend/@angular' }
21 verbose request uri https://registry.npmjs.org/cli
22 verbose request no auth needed
23 info attempt registry request try #1 at 3:06:36 PM
24 verbose request id 78791fc7d6213d45
25 http request GET https://registry.npmjs.org/cli
26 http 200 https://registry.npmjs.org/cli
27 verbose headers { 'content-type': 'application/json; charset=UTF-8',
27 verbose headers   server: 'UploadServer',
27 verbose headers   'cache-control': 'max-age=300',
27 verbose headers   'last-modified': 'Thu, 4 Jan 2018 16:55:12 GMT',
27 verbose headers   etag: '"5a4e5c70-10b18"',
27 verbose headers   'x-npm-region': 'US-West',
27 verbose headers   'content-encoding': 'gzip',
27 verbose headers   'content-length': '9371',
27 verbose headers   'accept-ranges': 'bytes',
27 verbose headers   date: 'Tue, 13 Feb 2018 07:06:37 GMT',
27 verbose headers   via: '1.1 varnish',
27 verbose headers   age: '3065',
27 verbose headers   connection: 'keep-alive',
27 verbose headers   'x-served-by': 'cache-bur17520-BUR',
27 verbose headers   'x-cache': 'HIT',
27 verbose headers   'x-cache-hits': '1',
27 verbose headers   'x-timer': 'S1518505597.149114,VS0,VE0',
27 verbose headers   vary: 'Accept-Encoding, Accept' }
28 silly get cb [ 200,
28 silly get   { 'content-type': 'application/json; charset=UTF-8',
28 silly get     server: 'UploadServer',
28 silly get     'cache-control': 'max-age=300',
28 silly get     'last-modified': 'Thu, 4 Jan 2018 16:55:12 GMT',
28 silly get     etag: '"5a4e5c70-10b18"',
28 silly get     'x-npm-region': 'US-West',
28 silly get     'content-encoding': 'gzip',
28 silly get     'content-length': '9371',
28 silly get     'accept-ranges': 'bytes',
28 silly get     date: 'Tue, 13 Feb 2018 07:06:37 GMT',
28 silly get     via: '1.1 varnish',
28 silly get     age: '3065',
28 silly get     connection: 'keep-alive',
28 silly get     'x-served-by': 'cache-bur17520-BUR',
28 silly get     'x-cache': 'HIT',
28 silly get     'x-cache-hits': '1',
28 silly get     'x-timer': 'S1518505597.149114,VS0,VE0',
28 silly get     vary: 'Accept-Encoding, Accept' } ]
29 verbose get saving cli to /Users/lei/.npm/registry.npmjs.org/cli/.cache.json
30 verbose correctMkdir /Users/lei/.npm correctMkdir not in flight; initializing
31 silly rollbackFailedOptional Starting
32 silly rollbackFailedOptional Finishing
33 silly runTopLevelLifecycles Finishing
34 silly install printInstalled
35 verbose stack Error: ENOENT: no such file or directory, open '/Applications/XAMPP/xamppfiles/htdocs/id_system/frontend/@angular'
35 verbose stack     at Error (native)
36 verbose cwd /Applications/XAMPP/xamppfiles/htdocs/id_system/frontend
37 error Darwin 17.4.0
38 error argv "/usr/local/bin/node" "/usr/local/bin/npm" "install" "-g" "@angular" "cli"
39 error node v6.10.3
40 error npm  v3.10.10
41 error path /Applications/XAMPP/xamppfiles/htdocs/id_system/frontend/@angular
42 error code ENOENT
43 error errno -2
44 error syscall open
45 error enoent ENOENT: no such file or directory, open '/Applications/XAMPP/xamppfiles/htdocs/id_system/frontend/@angular'
46 error enoent ENOENT: no such file or directory, open '/Applications/XAMPP/xamppfiles/htdocs/id_system/frontend/@angular'
46 error enoent This is most likely not a problem with npm itself
46 error enoent and is related to npm not being able to find a file.
47 verbose exit [ -2, true ]
